Build started 05-Sep-16 5:02:09 PM.
     1>Project "E:\My Studies\Introducing random\Project2\Project2.vcxproj" on node 2 (Build target(s)).
     1>ClCompile:
         E:\Zeeshan Develop\VS13\VC\bin\CL.exe /c /ZI /nologo /W3 /WX- /sdl /Od /Oy- /D _MBCS /Gm /EHsc /RTC1 /MDd /GS /fp:precise /Zc:wchar_t /Zc:forScope /Fo"Debug\\" /Fd"Debug\vc120.pdb" /Gd /TP /analyze- /errorReport:prompt zeeshan.cpp
         zeeshan.cpp
       Link:
         E:\Zeeshan Develop\VS13\VC\bin\link.exe /ERRORREPORT:PROMPT /OUT:"E:\My Studies\Introducing random\Project2\Debug\Project2.exe" /INCREMENTAL /NOLOGO kernel32.lib user32.lib gdi32.lib winspool.lib comdlg32.lib advapi32.lib shell32.lib ole32.lib oleaut32.lib uuid.lib odbc32.lib odbccp32.lib /MANIFEST /MANIFESTUAC:"level='asInvoker' uiAccess='false'" /manifest:embed /DEBUG /PDB:"E:\My Studies\Introducing random\Project2\Debug\Project2.pdb" /TLBID:1 /DYNAMICBASE /NXCOMPAT /IMPLIB:"E:\My Studies\Introducing random\Project2\Debug\Project2.lib" /MACHINE:X86 Debug\Source.obj
         Debug\zeeshan.obj
     1>zeeshan.obj : error LNK2005: _main already defined in Source.obj
     1>E:\My Studies\Introducing random\Project2\Debug\Project2.exe : fatal error LNK1169: one or more multiply defined symbols found
     1>Done Building Project "E:\My Studies\Introducing random\Project2\Project2.vcxproj" (Build target(s)) -- FAILED.

Build FAILED.

Time Elapsed 00:00:01.03
