Build started 20-Dec-16 6:41:09 PM.
     1>Project "E:\My Studies\3rd Semester\DSA\Programs\Insertion in arrays\Insertion in arrays.vcxproj" on node 2 (Build target(s)).
     1>Link:
         E:\Zeeshan Develop\VS13\VC\bin\link.exe /ERRORREPORT:PROMPT /OUT:"E:\My Studies\3rd Semester\DSA\Programs\Insertion in arrays\Debug\Insertion in arrays.exe" /INCREMENTAL /NOLOGO kernel32.lib user32.lib gdi32.lib winspool.lib comdlg32.lib advapi32.lib shell32.lib ole32.lib oleaut32.lib uuid.lib odbc32.lib odbccp32.lib /MANIFEST /MANIFESTUAC:"level='asInvoker' uiAccess='false'" /manifest:embed /DEBUG /PDB:"E:\My Studies\3rd Semester\DSA\Programs\Insertion in arrays\Debug\Insertion in arrays.pdb" /TLBID:1 /DYNAMICBASE /NXCOMPAT /IMPLIB:"E:\My Studies\3rd Semester\DSA\Programs\Insertion in arrays\Debug\Insertion in arrays.lib" /MACHINE:X86 Debug\Source.obj
     1>LINK : fatal error LNK1168: cannot open E:\My Studies\3rd Semester\DSA\Programs\Insertion in arrays\Debug\Insertion in arrays.exe for writing
     1>Done Building Project "E:\My Studies\3rd Semester\DSA\Programs\Insertion in arrays\Insertion in arrays.vcxproj" (Build target(s)) -- FAILED.

Build FAILED.

Time Elapsed 00:00:00.26
